# JRE version: OpenJDK Runtime Environment (23.0+37) (build 23+37-2369)
# Java VM: OpenJDK 64-Bit Server VM (23+37-2369, mixed mode, sharing, tiered, compressed oops, compressed class ptrs, g1 gc, windows-amd64)
GC Precious Log:
 CardTable entry size: 512
 Card Set container configuration: InlinePtr #cards 5 size 8 Array Of Cards #cards 10 size 36 Howl #buckets 4 coarsen threshold 1843 Howl Bitmap #cards 512 size 80 coarsen threshold 460 Card regions per heap region 1 cards per card region 2048
 CPUs: 8 total, 8 available
 Memory: 7103M
 Large Page Support: Disabled
 NUMA Support: Disabled
 Compressed Oops: Enabled (32-bit)
 Heap Region Size: 1M
 Heap Min Capacity: 8M
 Heap Initial Capacity: 112M
 Heap Max Capacity: 1776M
 Pre-touch: Disabled
 Parallel Workers: 8
 Concurrent Workers: 2
 Concurrent Refinement Workers: 8
 Periodic GC: Disabled
Heap:
 garbage-first heap   total reserved 1818624K, committed 54272K, used 44018K [0x0000000091000000, 0x0000000100000000)
  region size 1024K, 15 young (15360K), 2 survivors (2048K)
 Metaspace       used 57853K, committed 58560K, reserved 1114112K
  class space    used 7942K, committed 8256K, reserved 1048576K
GC Heap History (20 events):
Event: 5.488 GC heap before
{Heap before GC invocations=5 (full 0):
 garbage-first heap   total reserved 1818624K, committed 45056K, used 32723K [0x0000000091000000, 0x0000000100000000)
  region size 1024K, 20 young (20480K), 2 survivors (2048K)
 Metaspace       used 26228K, committed 26560K, reserved 1114112K
  class space    used 3446K, committed 3584K, reserved 1048576K
}
Event: 5.496 GC heap after
{Heap after GC invocations=6 (full 0):
 garbage-first heap   total reserved 1818624K, committed 45056K, used 15556K [0x0000000091000000, 0x0000000100000000)
  region size 1024K, 2 young (2048K), 2 survivors (2048K)
 Metaspace       used 26228K, committed 26560K, reserved 1114112K
  class space    used 3446K, committed 3584K, reserved 1048576K
}
Event: 6.200 GC heap before
{Heap before GC invocations=6 (full 0):
 garbage-first heap   total reserved 1818624K, committed 45056K, used 33988K [0x0000000091000000, 0x0000000100000000)
  region size 1024K, 21 young (21504K), 2 survivors (2048K)
 Metaspace       used 30212K, committed 30720K, reserved 1114112K
  class space    used 4021K, committed 4224K, reserved 1048576K
}
Event: 6.210 GC heap after
{Heap after GC invocations=7 (full 0):
 garbage-first heap   total reserved 1818624K, committed 45056K, used 17678K [0x0000000091000000, 0x0000000100000000)
  region size 1024K, 3 young (3072K), 3 survivors (3072K)
 Metaspace       used 30212K, committed 30720K, reserved 1114112K
  class space    used 4021K, committed 4224K, reserved 1048576K
}
Event: 7.115 GC heap before
{Heap before GC invocations=7 (full 0):
 garbage-first heap   total reserved 1818624K, committed 45056K, used 36110K [0x0000000091000000, 0x0000000100000000)
  region size 1024K, 21 young (21504K), 3 survivors (3072K)
 Metaspace       used 34696K, committed 35200K, reserved 1114112K
  class space    used 4569K, committed 4800K, reserved 1048576K
}
Event: 7.121 GC heap after
{Heap after GC invocations=8 (full 0):
 garbage-first heap   total reserved 1818624K, committed 45056K, used 20080K [0x0000000091000000, 0x0000000100000000)
  region size 1024K, 3 young (3072K), 3 survivors (3072K)
 Metaspace       used 34696K, committed 35200K, reserved 1114112K
  class space    used 4569K, committed 4800K, reserved 1048576K
}
Event: 7.317 GC heap before
{Heap before GC invocations=8 (full 0):
 garbage-first heap   total reserved 1818624K, committed 45056K, used 24176K [0x0000000091000000, 0x0000000100000000)
  region size 1024K, 8 young (8192K), 3 survivors (3072K)
 Metaspace       used 35662K, committed 36096K, reserved 1114112K
  class space    used 4690K, committed 4864K, reserved 1048576K
}
Event: 7.320 GC heap after
{Heap after GC invocations=9 (full 0):
 garbage-first heap   total reserved 1818624K, committed 45056K, used 20751K [0x0000000091000000, 0x0000000100000000)
  region size 1024K, 1 young (1024K), 1 survivors (1024K)
 Metaspace       used 35662K, committed 36096K, reserved 1114112K
  class space    used 4690K, committed 4864K, reserved 1048576K
}
Event: 7.861 GC heap before
{Heap before GC invocations=10 (full 0):
 garbage-first heap   total reserved 1818624K, committed 45056K, used 36111K [0x0000000091000000, 0x0000000100000000)
  region size 1024K, 17 young (17408K), 1 survivors (1024K)
 Metaspace       used 40930K, committed 41408K, reserved 1114112K
  class space    used 5361K, committed 5568K, reserved 1048576K
}
Event: 7.864 GC heap after
{Heap after GC invocations=11 (full 0):
 garbage-first heap   total reserved 1818624K, committed 45056K, used 24325K [0x0000000091000000, 0x0000000100000000)
  region size 1024K, 3 young (3072K), 3 survivors (3072K)
 Metaspace       used 40930K, committed 41408K, reserved 1114112K
  class space    used 5361K, committed 5568K, reserved 1048576K
}
Event: 8.226 GC heap before
{Heap before GC invocations=11 (full 0):
 garbage-first heap   total reserved 1818624K, committed 45056K, used 37637K [0x0000000091000000, 0x0000000100000000)
  region size 1024K, 16 young (16384K), 3 survivors (3072K)
 Metaspace       used 43194K, committed 43776K, reserved 1114112K
  class space    used 5661K, committed 5952K, reserved 1048576K
}
Event: 8.232 GC heap after
{Heap after GC invocations=12 (full 0):
 garbage-first heap   total reserved 1818624K, committed 45056K, used 26397K [0x0000000091000000, 0x0000000100000000)
  region size 1024K, 2 young (2048K), 2 survivors (2048K)
 Metaspace       used 43194K, committed 43776K, reserved 1114112K
  class space    used 5661K, committed 5952K, reserved 1048576K
}
Event: 8.737 GC heap before
{Heap before GC invocations=12 (full 0):
 garbage-first heap   total reserved 1818624K, committed 45056K, used 37661K [0x0000000091000000, 0x0000000100000000)
  region size 1024K, 13 young (13312K), 2 survivors (2048K)
 Metaspace       used 47109K, committed 47680K, reserved 1114112K
  class space    used 6214K, committed 6464K, reserved 1048576K
}
Event: 8.740 GC heap after
{Heap after GC invocations=13 (full 0):
 garbage-first heap   total reserved 1818624K, committed 54272K, used 27775K [0x0000000091000000, 0x0000000100000000)
  region size 1024K, 2 young (2048K), 2 survivors (2048K)
 Metaspace       used 47109K, committed 47680K, reserved 1114112K
  class space    used 6214K, committed 6464K, reserved 1048576K
}
Event: 9.342 GC heap before
{Heap before GC invocations=14 (full 0):
 garbage-first heap   total reserved 1818624K, committed 54272K, used 44159K [0x0000000091000000, 0x0000000100000000)
  region size 1024K, 19 young (19456K), 2 survivors (2048K)
 Metaspace       used 49852K, committed 50496K, reserved 1114112K
  class space    used 6750K, committed 7040K, reserved 1048576K
}
Event: 9.344 GC heap after
{Heap after GC invocations=15 (full 0):
 garbage-first heap   total reserved 1818624K, committed 54272K, used 28464K [0x0000000091000000, 0x0000000100000000)
  region size 1024K, 2 young (2048K), 2 survivors (2048K)
 Metaspace       used 49852K, committed 50496K, reserved 1114112K
  class space    used 6750K, committed 7040K, reserved 1048576K
}
Event: 9.885 GC heap before
{Heap before GC invocations=15 (full 0):
 garbage-first heap   total reserved 1818624K, committed 54272K, used 46896K [0x0000000091000000, 0x0000000100000000)
  region size 1024K, 20 young (20480K), 2 survivors (2048K)
 Metaspace       used 52503K, committed 53120K, reserved 1114112K
  class space    used 7149K, committed 7424K, reserved 1048576K
}
Event: 9.890 GC heap after
{Heap after GC invocations=16 (full 0):
 garbage-first heap   total reserved 1818624K, committed 54272K, used 29790K [0x0000000091000000, 0x0000000100000000)
  region size 1024K, 3 young (3072K), 3 survivors (3072K)
 Metaspace       used 52503K, committed 53120K, reserved 1114112K
  class space    used 7149K, committed 7424K, reserved 1048576K
}
Event: 10.377 GC heap before
{Heap before GC invocations=16 (full 0):
 garbage-first heap   total reserved 1818624K, committed 54272K, used 46174K [0x0000000091000000, 0x0000000100000000)
  region size 1024K, 19 young (19456K), 3 survivors (3072K)
 Metaspace       used 55288K, committed 55936K, reserved 1114112K
  class space    used 7548K, committed 7808K, reserved 1048576K
}
Event: 10.383 GC heap after
{Heap after GC invocations=17 (full 0):
 garbage-first heap   total reserved 1818624K, committed 54272K, used 31730K [0x0000000091000000, 0x0000000100000000)
  region size 1024K, 2 young (2048K), 2 survivors (2048K)
 Metaspace       used 55288K, committed 55936K, reserved 1114112K
  class space    used 7548K, committed 7808K, reserved 1048576K
}

